8 [140543292684224] INFO perfrun.launcher <> - Launcher main begin
9 [140543292684224] INFO perfrun.launcher <> - MessageCatalogInit finished
9 [140543292684224] INFO perfrun.launcher <> - Launcher instance created
9 [140543292684224] INFO perfrun.launcher <> - argc = 7; cmdline = /home/sbohloul/.local/intel/oneapi/advisor/2023.0.0/bin64/advixe-runss --ui-output-format xml --ui-output-fd 101 --option-file /home/sbohloul/Projects/hpc/parallel-and-hpc/cache-miss/advi/e000/hs001/config/runss.options 
327 [140543292684224] INFO perfrun.launcher <> - create msngr2::ICliToolContext
327 [140543292684224] INFO perfrun.launcher <> - create file finder object
327 [140543292684224] INFO perfrun.launcher <> - create a result directory: pattern = /home/sbohloul/Projects/hpc/parallel-and-hpc/cache-miss/advi/e000/hs001 pid = 4294967295
328 [140543292684224] INFO perfrun.sdk <> - checked that the directory /home/sbohloul/Projects/hpc/parallel-and-hpc/cache-miss/advi/e000/hs001 is a local directory
328 [140543292684224] INFO perfrun.sdk <> - the directory /home/sbohloul/Projects/hpc/parallel-and-hpc/cache-miss/advi/e000/hs001 is a local directory with FS type ID 61267
328 [140543292684224] INFO perfrun.launcher <> - create data directory = /home/sbohloul/Projects/hpc/parallel-and-hpc/cache-miss/advi/e000/hs001/data.0
328 [140543292684224] INFO perfrun.launcher <> - Creating the master collection flag
338 [140543292684224] INFO perfrun.launcher <> - Done creating the master collection flag
357 [140543283169024] INFO perfrun.launcher <> - plugin [remoteplug] was disabled because it doesn't support the given collection type.
357 [140543283169024] INFO perfrun.sdk <> - Allocating TMU :/home/sbohloul/Projects/hpc/parallel-and-hpc/cache-miss/advi/e000/hs001/data.0/systemcollector-21064-ubuntu-x1e.sc
357 [140543283169024] INFO perfrun.launcher <> - plugin [] was disabled because it doesn't support the given collection type.
357 [140543283169024] INFO perfrun.launcher <> - plugin [gpu] was disabled because it doesn't support the given collection type.
357 [140543283169024] INFO perfrun.launcher <> - plugin [] was disabled because it doesn't support the given collection type.
357 [140543283169024] INFO perfrun.launcher <> - plugin [] was disabled because it doesn't support the given collection type.
357 [140543283169024] INFO perfrun.launcher <> - plugin [] was disabled because it doesn't support the given collection type.
357 [140543283169024] INFO perfrun.mrte <> - system-wide mode is 0
357 [140543283169024] INFO perfrun.mrte <> - Getting  mrte profiling environment ...
361 [140543283169024] INFO perfrun.mrte <> - INTEL_MRTE_DATA_DIR=/home/sbohloul/Projects/hpc/parallel-and-hpc/cache-miss/advi/e000/hs001/data.0
361 [140543283169024] INFO perfrun.mrte <> - INTEL_MRTE_HOST_NAME=ubuntu-x1e
361 [140543283169024] INFO perfrun.mrte <> - JAVA_TOOL_OPTIONS=-agentlib:advixe_tpssmrte_javaprof_1.0 -Dsun.boot.library.path=/home/sbohloul/.local/intel/oneapi/advisor/2023.0.0/lib32/runtime:/home/sbohloul/.local/intel/oneapi/advisor/2023.0.0/lib64/runtime
361 [140543283169024] INFO perfrun.mrte <> - LD_LIBRARY_PATH=/home/sbohloul/.local/intel/oneapi/advisor/2023.0.0/lib32/runtime:/home/sbohloul/.local/intel/oneapi/advisor/2023.0.0/lib64/runtime:/home/sbohloul/.local/likwid/5.2.2/lib:/home/sbohloul/.local/intel/oneapi/vpl/2023.0.0/lib:/home/sbohloul/.local/intel/oneapi/tbb/2021.8.0/env/../lib/intel64/gcc4.8:/home/sbohloul/.local/intel/oneapi/mpi/2021.8.0//libfabric/lib:/home/sbohloul/.local/intel/oneapi/mpi/2021.8.0//lib/release:/home/sbohloul/.local/intel/oneapi/mpi/2021.8.0//lib:/home/sbohloul/.local/intel/oneapi/mkl/2023.0.0/lib/intel64:/home/sbohloul/.local/intel/oneapi/itac/2021.8.0/slib:/home/sbohloul/.local/intel/oneapi/ipp/2021.7.0/lib/intel64:/home/sbohloul/.local/intel/oneapi/ippcp/2021.6.3/lib/intel64:/home/sbohloul/.local/intel/oneapi/ipp/2021.7.0/lib/intel64:/home/sbohloul/.local/intel/oneapi/dnnl/2023.0.0/cpu_dpcpp_gpu_dpcpp/lib:/home/sbohloul/.local/intel/oneapi/debugger/2023.0.0/gdb/intel64/lib:/home/sbohloul/.local/intel/oneapi/debugger/2023.0.0/libipt/intel64/lib:/home/sbohloul/.local/intel/oneapi/debugger/2023.0.0/dep/lib:/home/sbohloul/.local/intel/oneapi/dal/2023.0.0/lib/intel64:/home/sbohloul/.local/intel/oneapi/compiler/2023.0.0/linux/lib:/home/sbohloul/.local/intel/oneapi/compiler/2023.0.0/linux/lib/x64:/home/sbohloul/.local/intel/oneapi/compiler/2023.0.0/linux/lib/oclfpga/host/linux64/lib:/home/sbohloul/.local/intel/oneapi/compiler/2023.0.0/linux/compiler/lib/intel64_lin:/home/sbohloul/.local/intel/oneapi/ccl/2021.8.0/lib/cpu_gpu_dpcpp
361 [140543283169024] INFO perfrun.mrte <> - Data directory: /home/sbohloul/Projects/hpc/parallel-and-hpc/cache-miss/advi/e000/hs001/data.0
361 [140543283169024] INFO perfrun.mrte <> - Mrte plugin is initialized
361 [140543283169024] INFO perfrun.launcher <> - plugin [] was disabled because it doesn't support the given collection type.
361 [140543283169024] INFO perfrun.launcher <> - plugin [] was disabled because it doesn't support the given collection type.
361 [140543283169024] INFO perfrun.launcher <> - plugin [] was disabled because it doesn't support the given collection type.
361 [140543283169024] INFO perfrun.launcher <> - plugin [] was disabled because it doesn't support the given collection type.
361 [140543283169024] INFO perfrun.launcher <> - plugin [] was disabled because it doesn't support the given collection type.
361 [140543283169024] INFO perfrun.launcher <> - plugin [] was disabled because it doesn't support the given collection type.
361 [140543283169024] INFO perfrun.launcher <> - plugin [] was disabled because it doesn't support the given collection type.
361 [140543283169024] INFO perfrun.tpss <> - initialize tpss controller
361 [140543283169024] INFO perfrun.tpss <> - configure collection mode: value = cpu:stack
361 [140543283169024] INFO perfrun.tpss <> - default obj-size-min=1024
361 [140543283169024] INFO perfrun.tpss <> - default hash-table-size=0
361 [140543283169024] INFO perfrun.launcher <> - plugin [] was disabled because it doesn't support the given collection type.
361 [140543283169024] INFO perfrun.launcher <> - plugin [] was disabled because it doesn't support the given collection type.
361 [140543283169024] INFO perfrun.launcher <> - plugin [] was disabled because it doesn't support the given collection type.
361 [140543283169024] INFO perfrun.launcher <> - plugin [] was disabled because it doesn't support the given collection type.
361 [140543283169024] INFO perfrun.launcher <> - plugin [] was disabled because it doesn't support the given collection type.
361 [140543283169024] INFO perfrun.launcher <> - plugin [] was disabled because it doesn't support the given collection type.
361 [140543283169024] INFO perfrun.launcher <> - plugin [] was disabled because it doesn't support the given collection type.
361 [140543283169024] INFO perfrun.launcher <> - plugin [] was disabled because it doesn't support the given collection type.
361 [140543283169024] INFO perfrun.launcher <> - plugin [] was disabled because it doesn't support the given collection type.
361 [140543292684224] INFO perfrun.launcher <> - set environment variable: LD_LIBRARY_PATH = /home/sbohloul/.local/intel/oneapi/advisor/2023.0.0/lib32/runtime:/home/sbohloul/.local/intel/oneapi/advisor/2023.0.0/lib64/runtime:/home/sbohloul/.local/likwid/5.2.2/lib:/home/sbohloul/.local/intel/oneapi/vpl/2023.0.0/lib:/home/sbohloul/.local/intel/oneapi/tbb/2021.8.0/env/../lib/intel64/gcc4.8:/home/sbohloul/.local/intel/oneapi/mpi/2021.8.0//libfabric/lib:/home/sbohloul/.local/intel/oneapi/mpi/2021.8.0//lib/release:/home/sbohloul/.local/intel/oneapi/mpi/2021.8.0//lib:/home/sbohloul/.local/intel/oneapi/mkl/2023.0.0/lib/intel64:/home/sbohloul/.local/intel/oneapi/itac/2021.8.0/slib:/home/sbohloul/.local/intel/oneapi/ipp/2021.7.0/lib/intel64:/home/sbohloul/.local/intel/oneapi/ippcp/2021.6.3/lib/intel64:/home/sbohloul/.local/intel/oneapi/ipp/2021.7.0/lib/intel64:/home/sbohloul/.local/intel/oneapi/dnnl/2023.0.0/cpu_dpcpp_gpu_dpcpp/lib:/home/sbohloul/.local/intel/oneapi/debugger/2023.0.0/gdb/intel64/lib:/home/sbohloul/.local/intel/oneapi/debugger/2023.0.0/libipt/intel64/lib:/home/sbohloul/.local/intel/oneapi/debugger/2023.0.0/dep/lib:/home/sbohloul/.local/intel/oneapi/dal/2023.0.0/lib/intel64:/home/sbohloul/.local/intel/oneapi/compiler/2023.0.0/linux/lib:/home/sbohloul/.local/intel/oneapi/compiler/2023.0.0/linux/lib/x64:/home/sbohloul/.local/intel/oneapi/compiler/2023.0.0/linux/lib/oclfpga/host/linux64/lib:/home/sbohloul/.local/intel/oneapi/compiler/2023.0.0/linux/compiler/lib/intel64_lin:/home/sbohloul/.local/intel/oneapi/ccl/2021.8.0/lib/cpu_gpu_dpcpp
362 [140543292684224] INFO perfrun.launcher <> - set environment variable: INTEL_LIBITTNOTIFY32 = /home/sbohloul/.local/intel/oneapi/advisor/2023.0.0/lib32/runtime/libittnotify_collector.so
362 [140543292684224] INFO perfrun.launcher <> - set environment variable: INTEL_LIBITTNOTIFY64 = /home/sbohloul/.local/intel/oneapi/advisor/2023.0.0/lib64/runtime/libittnotify_collector.so
362 [140543292684224] INFO perfrun.launcher <> - set environment variable: INTEL_ITTNOTIFY_GROUPS = 
362 [140543292684224] INFO perfrun.launcher <> - set environment variable: INTEL_JIT_PROFILER32 = /home/sbohloul/.local/intel/oneapi/advisor/2023.0.0/lib32/runtime/libittnotify_collector.so
362 [140543292684224] INFO perfrun.launcher <> - set environment variable: INTEL_JIT_PROFILER64 = /home/sbohloul/.local/intel/oneapi/advisor/2023.0.0/lib64/runtime/libittnotify_collector.so
362 [140543292684224] INFO perfrun.launcher <> - set environment variable: OMP_TOOL_LIBRARIES = /home/sbohloul/.local/intel/oneapi/advisor/2023.0.0/lib32/runtime/libittnotify_collector.so:/home/sbohloul/.local/intel/oneapi/advisor/2023.0.0/lib64/runtime/libittnotify_collector.so
362 [140543292684224] INFO perfrun.launcher <> - set environment variable: ENABLE_JITPROFILING = 1
362 [140543292684224] INFO perfrun.launcher <> - set environment variable: CL_CONFIG_USE_VTUNE = True
362 [140543292684224] INFO perfrun.launcher <> - set environment variable: KMP_FORKJOIN_FRAMES = 0
362 [140543292684224] INFO perfrun.launcher <> - set environment variable: KMP_FORKJOIN_FRAMES_MODE = 0
362 [140543292684224] INFO perfrun.launcher <> - set environment variable: OMP_TOOL = disabled
362 [140543292684224] INFO perfrun.launcher <> - set environment variable: INTEL_MRTE_DATA_DIR = /home/sbohloul/Projects/hpc/parallel-and-hpc/cache-miss/advi/e000/hs001/data.0
362 [140543292684224] INFO perfrun.launcher <> - set environment variable: INTEL_MRTE_HOST_NAME = ubuntu-x1e
362 [140543292684224] INFO perfrun.launcher <> - set environment variable: JAVA_TOOL_OPTIONS = -agentlib:advixe_tpssmrte_javaprof_1.0 -Dsun.boot.library.path=/home/sbohloul/.local/intel/oneapi/advisor/2023.0.0/lib32/runtime:/home/sbohloul/.local/intel/oneapi/advisor/2023.0.0/lib64/runtime
362 [140543292684224] INFO perfrun.launcher <> - set environment variable: LD_LIBRARY_PATH = /home/sbohloul/.local/intel/oneapi/advisor/2023.0.0/lib32/runtime:/home/sbohloul/.local/intel/oneapi/advisor/2023.0.0/lib64/runtime:/home/sbohloul/.local/likwid/5.2.2/lib:/home/sbohloul/.local/intel/oneapi/vpl/2023.0.0/lib:/home/sbohloul/.local/intel/oneapi/tbb/2021.8.0/env/../lib/intel64/gcc4.8:/home/sbohloul/.local/intel/oneapi/mpi/2021.8.0//libfabric/lib:/home/sbohloul/.local/intel/oneapi/mpi/2021.8.0//lib/release:/home/sbohloul/.local/intel/oneapi/mpi/2021.8.0//lib:/home/sbohloul/.local/intel/oneapi/mkl/2023.0.0/lib/intel64:/home/sbohloul/.local/intel/oneapi/itac/2021.8.0/slib:/home/sbohloul/.local/intel/oneapi/ipp/2021.7.0/lib/intel64:/home/sbohloul/.local/intel/oneapi/ippcp/2021.6.3/lib/intel64:/home/sbohloul/.local/intel/oneapi/ipp/2021.7.0/lib/intel64:/home/sbohloul/.local/intel/oneapi/dnnl/2023.0.0/cpu_dpcpp_gpu_dpcpp/lib:/home/sbohloul/.local/intel/oneapi/debugger/2023.0.0/gdb/intel64/lib:/home/sbohloul/.local/intel/oneapi/debugger/2023.0.0/libipt/intel64/lib:/home/sbohloul/.local/intel/oneapi/debugger/2023.0.0/dep/lib:/home/sbohloul/.local/intel/oneapi/dal/2023.0.0/lib/intel64:/home/sbohloul/.local/intel/oneapi/compiler/2023.0.0/linux/lib:/home/sbohloul/.local/intel/oneapi/compiler/2023.0.0/linux/lib/x64:/home/sbohloul/.local/intel/oneapi/compiler/2023.0.0/linux/lib/oclfpga/host/linux64/lib:/home/sbohloul/.local/intel/oneapi/compiler/2023.0.0/linux/compiler/lib/intel64_lin:/home/sbohloul/.local/intel/oneapi/ccl/2021.8.0/lib/cpu_gpu_dpcpp
362 [140543292684224] INFO perfrun.launcher <> - RpcServer: run RPC server to handle requests
362 [140543292684224] INFO perfrun.launcher <> - Launcher: command line to start before modification = ./kernel
362 [140543292684224] INFO perfrun.launcher <> - Launcher: command line to start after modification = /home/sbohloul/.local/intel/oneapi/advisor/2023.0.0/bin64/pin -error_file /home/sbohloul/Projects/hpc/parallel-and-hpc/cache-miss/advi/e000/hs001/data.0/pinerr.tpsslog -detach_reattach -follow_execv -tool_load_option deepbind -t64 /home/sbohloul/.local/intel/oneapi/advisor/2023.0.0/lib64/libtpsstool.so -t /home/sbohloul/.local/intel/oneapi/advisor/2023.0.0/lib32/libtpsstool.so -server_name tpss_ipc.21064 -prd_dir /home/sbohloul/.local/intel/oneapi/advisor/2023.0.0 -- ./kernel
362 [140543292684224] INFO perfrun.launcher <> - ProcessCreator object was created
362 [140543292684224] INFO perfrun.launcher <> - Launcher: the process was started in suspend mode
381 [140543283169024] WARN perfrun.system <> - Could not do anything with /sys/kernel/debug/kvm: boost::filesystem::status: Permission denied: "/sys/kernel/debug/kvm", at file: vcs/perfrun1/plugins/system/src/trace_writer.cpp:787
381 [140543283169024] WARN perfrun.system <> - Folder "/var/run/libvirt/qemu/"doesn't exist, at file: vcs/perfrun1/plugins/system/src/trace_writer.cpp:800
382 [140543283169024] WARN perfrun.sdk <> - Failed to find xl binary on any of the system paths: /bin, /sbin, /usr/bin, /usr/sbin., at file: vcs/perfrun1/sdk/src/utils.cpp:204
384 [140543283169024] INFO perfrun.vdso <> - Helper runtool '/home/sbohloul/.local/intel/oneapi/advisor/2023.0.0/bin32/advixe-runss -dump-vdso -r /home/sbohloul/Projects/hpc/parallel-and-hpc/cache-miss/advi/e000/hs001 --tmp-dir /tmp/advixe-tmp-sbohloul' returned 1
764 [140543283169024] INFO perfrun.vdso <> - Helper runtool '/home/sbohloul/.local/intel/oneapi/advisor/2023.0.0/bin64/advixe-runss -dump-vdso -r /home/sbohloul/Projects/hpc/parallel-and-hpc/cache-miss/advi/e000/hs001 --tmp-dir /tmp/advixe-tmp-sbohloul' returned 0
765 [140543283169024] INFO perfrun.itt <> - start itt controller for pid #21079
765 [140543283169024] INFO perfrun.tpss <> - start tpss controller for pid #21079
816 [140543292684224] INFO perfrun.launcher <> - Launcher: all plugins were started
816 [140543292684224] INFO perfrun.launcher <> - DirectoryMonitor object was created
816 [140543292684224] INFO perfrun.launcher <> - DirectoryMonitor: a callback was added
816 [140543292684224] INFO perfrun.launcher <> - DirectoryMonitor was started with pingTime = 1000
816 [140543292684224] INFO perfrun.launcher <> - DeadlineTimer is going to be constructed
817 [140543292684224] INFO perfrun.launcher <> - DeadlineTimer: a callback was added
822 [140543292684224] INFO perfrun.launcher <> - Launcher: resume the profiled application and  wait its termination or stop command
98458 [140543292684224] INFO perfrun.launcher <> - Launcher: the profiled application was terminated  with exit code = 0
98462 [140543283169024] INFO perfrun.itt <> - detach itt controller
98462 [140543283169024] INFO perfrun.itt <> - detach itt controller done
98462 [140543283169024] INFO perfrun.tpss <> - stop tpss controller
98462 [140543283169024] INFO perfrun.sdk <> - De-allocating TMU: /home/sbohloul/Projects/hpc/parallel-and-hpc/cache-miss/advi/e000/hs001/data.0/systemcollector-21064-ubuntu-x1e.sc
98462 [140543283169024] INFO perfrun.system <> - closed the system trace file: /home/sbohloul/Projects/hpc/parallel-and-hpc/cache-miss/advi/e000/hs001/data.0/systemcollector-21064-ubuntu-x1e.sc
98462 [140543292684224] INFO perfrun.launcher <> - Launcher: all plugins were stopped.
98462 [140543292684224] INFO perfrun.launcher <> - DeadlineTimer is going to be destroyed
98462 [140543292684224] INFO perfrun.launcher <> - DeadlineTimer was destroyed
98462 [140543292684224] INFO perfrun.launcher <> - DirectoryMonitor object was destroyed
98462 [140543292684224] WARN perfrun.launcher <> - Stop command is ignored because it is received when collection is already stopped, at file: vcs/perfrun1/launcher/src/command_handler.cpp:226
98463 [140543292684224] INFO perfrun.launcher <> - Application exit code: 0
98463 [140543292684224] INFO perfrun.launcher <> - Exit code: 0
