8 [140018485066816] INFO perfrun.launcher <> - Launcher main begin
9 [140018485066816] INFO perfrun.launcher <> - MessageCatalogInit finished
9 [140018485066816] INFO perfrun.launcher <> - Launcher instance created
9 [140018485066816] INFO perfrun.launcher <> - argc = 6; cmdline = /home/sbohloul/.local/intel/oneapi/advisor/2023.0.0/bin64/advixe-runss -dump-vdso -r /home/sbohloul/Projects/hpc/parallel-and-hpc/cache-miss/advi/e000/hs001 --tmp-dir /tmp/advixe-tmp-sbohloul 
331 [140018485066816] INFO perfrun.launcher <> - create msngr2::ICliToolContext
331 [140018485066816] INFO perfrun.launcher <> - create file finder object
349 [140018475542272] INFO perfrun.launcher <> - plugin [remoteplug] was disabled because it doesn't support the given collection type.
349 [140018475542272] INFO perfrun.launcher <> - plugin [system] was disabled because it doesn't support the given collection type.
349 [140018475542272] INFO perfrun.vdso <> - dumping [vdso] pseudomodule
360 [140018475542272] INFO perfrun.launcher <> - plugin [itt] was disabled because it doesn't support the given collection type.
360 [140018475542272] INFO perfrun.launcher <> - plugin [] was disabled because it doesn't support the given collection type.
360 [140018475542272] INFO perfrun.launcher <> - plugin [gpu] was disabled because it doesn't support the given collection type.
360 [140018475542272] INFO perfrun.launcher <> - plugin [] was disabled because it doesn't support the given collection type.
360 [140018475542272] INFO perfrun.launcher <> - plugin [] was disabled because it doesn't support the given collection type.
360 [140018475542272] INFO perfrun.launcher <> - plugin [] was disabled because it doesn't support the given collection type.
360 [140018475542272] INFO perfrun.launcher <> - plugin [mrte] was disabled because it doesn't support the given collection type.
360 [140018475542272] INFO perfrun.launcher <> - plugin [] was disabled because it doesn't support the given collection type.
360 [140018475542272] INFO perfrun.launcher <> - plugin [] was disabled because it doesn't support the given collection type.
360 [140018475542272] INFO perfrun.launcher <> - plugin [] was disabled because it doesn't support the given collection type.
360 [140018475542272] INFO perfrun.launcher <> - plugin [] was disabled because it doesn't support the given collection type.
360 [140018475542272] INFO perfrun.launcher <> - plugin [] was disabled because it doesn't support the given collection type.
360 [140018475542272] INFO perfrun.launcher <> - plugin [] was disabled because it doesn't support the given collection type.
360 [140018475542272] INFO perfrun.launcher <> - plugin [] was disabled because it doesn't support the given collection type.
360 [140018475542272] INFO perfrun.launcher <> - plugin [tpss] was disabled because it doesn't support the given collection type.
360 [140018475542272] INFO perfrun.launcher <> - plugin [] was disabled because it doesn't support the given collection type.
360 [140018475542272] INFO perfrun.launcher <> - plugin [] was disabled because it doesn't support the given collection type.
360 [140018475542272] INFO perfrun.launcher <> - plugin [] was disabled because it doesn't support the given collection type.
360 [140018475542272] INFO perfrun.launcher <> - plugin [] was disabled because it doesn't support the given collection type.
360 [140018475542272] INFO perfrun.launcher <> - plugin [] was disabled because it doesn't support the given collection type.
360 [140018475542272] INFO perfrun.launcher <> - plugin [] was disabled because it doesn't support the given collection type.
360 [140018475542272] INFO perfrun.launcher <> - plugin [] was disabled because it doesn't support the given collection type.
360 [140018475542272] INFO perfrun.launcher <> - plugin [] was disabled because it doesn't support the given collection type.
360 [140018475542272] INFO perfrun.launcher <> - plugin [] was disabled because it doesn't support the given collection type.
360 [140018485066816] INFO perfrun.launcher <> - Application exit code: 0
360 [140018485066816] INFO perfrun.launcher <> - Exit code: 0
