<?xml version="1.0" encoding="utf-8"?>
<log version="1.0" tool="runtool">

<msg id="1" tool="runtool">
  <type>log-start</type>
  <arg>2023/02/12 19:41:19</arg>
</msg>
<msg id="2" tool="runtool">
  <type>bandwidth-measurement-starts</type>
</msg>
<msg id="3" tool="runtool">
  <type>bandwidth-measurement-done</type>
</msg>
<msg id="4" tool="runtool">
  <type>collector-starts</type>
</msg>
<msg id="5" tool="runtool">
  <type>marker-file</type>
  <arg>/home/sbohloul/Projects/hpc/parallel-and-hpc/cache-miss/advi/e000/trc001/trc001.advixe</arg>
</msg>
<msg id="6" tool="trc">
  <type>PROCESS_START</type>
  <arg>/home/sbohloul/Projects/hpc/parallel-and-hpc/cache-miss/kernel</arg>
  <arg>21480</arg>
  <severity>INFO</severity>
  <timestamp>Sun Feb 12 19:41:33 2023</timestamp>
</msg>
<msg id="7" tool="trc">
  <type>PROCESS_ANALYSIS_MODE</type>
  <arg>full</arg>
  <severity>INFO</severity>
  <timestamp>Sun Feb 12 19:41:33 2023</timestamp>
</msg>
<msg id="8" tool="trc">
  <type>LOAD_MODULE</type>
  <arg>/home/sbohloul/Projects/hpc/parallel-and-hpc/cache-miss/kernel</arg>
  <arg>0x55766796c000</arg>
  <arg>0x557667970157</arg>
  <arg>yes</arg>
  <severity>INFO</severity>
  <timestamp>Sun Feb 12 19:41:33 2023</timestamp>
</msg>
<msg id="9" tool="trc">
  <type>LOAD_MODULE</type>
  <arg>/lib64/ld-linux-x86-64.so.2</arg>
  <arg>0x7efc542f3000</arg>
  <arg>0x7efc5432218f</arg>
  <arg>no</arg>
  <severity>INFO</severity>
  <timestamp>Sun Feb 12 19:41:33 2023</timestamp>
</msg>
<msg id="10" tool="trc">
  <type>LOAD_MODULE</type>
  <arg>[vdso]</arg>
  <arg>0x7ffd5216b000</arg>
  <arg>0x7ffd5216c0eb</arg>
  <arg>no</arg>
  <severity>INFO</severity>
  <timestamp>Sun Feb 12 19:41:33 2023</timestamp>
</msg>
<msg id="11" tool="trc">
  <type>LOAD_MODULE</type>
  <arg>/home/sbohloul/.local/likwid/5.2.2/lib/liblikwid.so.5.2</arg>
  <arg>0x7efc3d4c5000</arg>
  <arg>0x7efc3e527067</arg>
  <arg>yes</arg>
  <severity>INFO</severity>
  <timestamp>Sun Feb 12 19:41:34 2023</timestamp>
</msg>
<msg id="12" tool="trc">
  <type>LOAD_MODULE</type>
  <arg>/lib/x86_64-linux-gnu/libstdc++.so.6</arg>
  <arg>0x7efc3d0fb000</arg>
  <arg>0x7efc3d2dc7ff</arg>
  <arg>no</arg>
  <severity>INFO</severity>
  <timestamp>Sun Feb 12 19:41:34 2023</timestamp>
</msg>
<msg id="13" tool="trc">
  <type>LOAD_MODULE</type>
  <arg>/lib/x86_64-linux-gnu/libc.so.6</arg>
  <arg>0x7efc3ce85000</arg>
  <arg>0x7efc3d07665f</arg>
  <arg>no</arg>
  <severity>INFO</severity>
  <timestamp>Sun Feb 12 19:41:34 2023</timestamp>
</msg>
<msg id="14" tool="trc">
  <type>LOAD_MODULE</type>
  <arg>/lib/x86_64-linux-gnu/libm.so.6</arg>
  <arg>0x7efc3ccd1000</arg>
  <arg>0x7efc3ce1f10f</arg>
  <arg>no</arg>
  <severity>INFO</severity>
  <timestamp>Sun Feb 12 19:41:34 2023</timestamp>
</msg>
<msg id="15" tool="trc">
  <type>LOAD_MODULE</type>
  <arg>/home/sbohloul/.local/likwid/5.2.2/lib/liblikwid-hwloc.so.5.2</arg>
  <arg>0x7efc3cc81000</arg>
  <arg>0x7efc3ccd0817</arg>
  <arg>yes</arg>
  <severity>INFO</severity>
  <timestamp>Sun Feb 12 19:41:34 2023</timestamp>
</msg>
<msg id="16" tool="trc">
  <type>LOAD_MODULE</type>
  <arg>/home/sbohloul/.local/likwid/5.2.2/lib/liblikwid-lua.so.5.2</arg>
  <arg>0x7efc3cc43000</arg>
  <arg>0x7efc3cc806ef</arg>
  <arg>yes</arg>
  <severity>INFO</severity>
  <timestamp>Sun Feb 12 19:41:34 2023</timestamp>
</msg>
<msg id="17" tool="trc">
  <type>LOAD_MODULE</type>
  <arg>/lib/x86_64-linux-gnu/libpthread.so.0</arg>
  <arg>0x7efc3cc20000</arg>
  <arg>0x7efc3cc42477</arg>
  <arg>yes</arg>
  <severity>INFO</severity>
  <timestamp>Sun Feb 12 19:41:34 2023</timestamp>
</msg>
<msg id="18" tool="trc">
  <type>LOAD_MODULE</type>
  <arg>/lib/x86_64-linux-gnu/libgcc_s.so.1</arg>
  <arg>0x7efc3cbfa000</arg>
  <arg>0x7efc3cc14447</arg>
  <arg>no</arg>
  <severity>INFO</severity>
  <timestamp>Sun Feb 12 19:41:34 2023</timestamp>
</msg>
<msg id="19" tool="trc">
  <type>LOAD_MODULE</type>
  <arg>/lib/x86_64-linux-gnu/libdl.so.2</arg>
  <arg>0x7efc3cc16000</arg>
  <arg>0x7efc3cc1b10f</arg>
  <arg>no</arg>
  <severity>INFO</severity>
  <timestamp>Sun Feb 12 19:41:34 2023</timestamp>
</msg>
<msg id="20" tool="trc">
  <type>UNLOAD_MODULE</type>
  <arg>/home/sbohloul/Projects/hpc/parallel-and-hpc/cache-miss/kernel</arg>
  <severity>INFO</severity>
  <timestamp>Sun Feb 12 19:43:29 2023</timestamp>
</msg>
<msg id="21" tool="trc">
  <type>UNLOAD_MODULE</type>
  <arg>/lib64/ld-linux-x86-64.so.2</arg>
  <severity>INFO</severity>
  <timestamp>Sun Feb 12 19:43:29 2023</timestamp>
</msg>
<msg id="22" tool="trc">
  <type>UNLOAD_MODULE</type>
  <arg>[vdso]</arg>
  <severity>INFO</severity>
  <timestamp>Sun Feb 12 19:43:29 2023</timestamp>
</msg>
<msg id="23" tool="trc">
  <type>UNLOAD_MODULE</type>
  <arg>/home/sbohloul/.local/likwid/5.2.2/lib/liblikwid.so.5.2</arg>
  <severity>INFO</severity>
  <timestamp>Sun Feb 12 19:43:29 2023</timestamp>
</msg>
<msg id="24" tool="trc">
  <type>UNLOAD_MODULE</type>
  <arg>/lib/x86_64-linux-gnu/libstdc++.so.6</arg>
  <severity>INFO</severity>
  <timestamp>Sun Feb 12 19:43:29 2023</timestamp>
</msg>
<msg id="25" tool="trc">
  <type>UNLOAD_MODULE</type>
  <arg>/lib/x86_64-linux-gnu/libc.so.6</arg>
  <severity>INFO</severity>
  <timestamp>Sun Feb 12 19:43:29 2023</timestamp>
</msg>
<msg id="26" tool="trc">
  <type>UNLOAD_MODULE</type>
  <arg>/lib/x86_64-linux-gnu/libm.so.6</arg>
  <severity>INFO</severity>
  <timestamp>Sun Feb 12 19:43:29 2023</timestamp>
</msg>
<msg id="27" tool="trc">
  <type>UNLOAD_MODULE</type>
  <arg>/home/sbohloul/.local/likwid/5.2.2/lib/liblikwid-hwloc.so.5.2</arg>
  <severity>INFO</severity>
  <timestamp>Sun Feb 12 19:43:29 2023</timestamp>
</msg>
<msg id="28" tool="trc">
  <type>UNLOAD_MODULE</type>
  <arg>/home/sbohloul/.local/likwid/5.2.2/lib/liblikwid-lua.so.5.2</arg>
  <severity>INFO</severity>
  <timestamp>Sun Feb 12 19:43:29 2023</timestamp>
</msg>
<msg id="29" tool="trc">
  <type>UNLOAD_MODULE</type>
  <arg>/lib/x86_64-linux-gnu/libpthread.so.0</arg>
  <severity>INFO</severity>
  <timestamp>Sun Feb 12 19:43:29 2023</timestamp>
</msg>
<msg id="30" tool="trc">
  <type>UNLOAD_MODULE</type>
  <arg>/lib/x86_64-linux-gnu/libgcc_s.so.1</arg>
  <severity>INFO</severity>
  <timestamp>Sun Feb 12 19:43:29 2023</timestamp>
</msg>
<msg id="31" tool="trc">
  <type>UNLOAD_MODULE</type>
  <arg>/lib/x86_64-linux-gnu/libdl.so.2</arg>
  <severity>INFO</severity>
  <timestamp>Sun Feb 12 19:43:29 2023</timestamp>
</msg>
<msg id="32" tool="trc">
  <type>PROCESS_FINISH</type>
  <arg>/home/sbohloul/Projects/hpc/parallel-and-hpc/cache-miss/kernel</arg>
  <arg>21480</arg>
  <arg>0x0</arg>
  <severity>INFO</severity>
  <timestamp>Sun Feb 12 19:43:29 2023</timestamp>
</msg>
<msg id="33" tool="runtool">
  <type>app-exit-code</type>
  <arg>0</arg>
</msg>
<msg id="34" tool="runtool">
  <type>marker-file</type>
  <arg>/home/sbohloul/Projects/hpc/parallel-and-hpc/cache-miss/advi/e000/trc001/trc001.advixe</arg>
</msg>
<msg id="35" tool="runtool">
  <type>collector-done</type>
</msg>
<msg id="36" tool="runtool">
  <type>log-end</type>
  <arg>2023/02/12 19:43:33</arg>
</msg>

</log>

