<?xml version="1.0" encoding="utf-8" ?>
<!-- DO NOT EDIT THIS FILE -->

<log version='2.0' source='trc'>
	<msg id='1' display='false' source='trc'>
		<type>PROCESS_START</type>
		<severity>INFO</severity>
		<timestamp>Sun Feb 12 19:41:33 2023</timestamp>
		<arg name='process'>/home/sbohloul/Projects/hpc/parallel-and-hpc/cache-miss/kernel</arg>
		<arg name='pid'>21480</arg>
	</msg>
	<!-- Instrumentation filter's state:
    Patterns applicability:
        Generic loop pattern.....................: disabled
        Generic loop pattern (with dynamic jumps): disabled
        Known trip value loop pattern............: disabled
        Runtime final value loop pattern.........: disabled
        No initial IV loop pattern...............: disabled
        IV step only loop pattern................: disabled
        No entry loop pattern....................: disabled
    Clustered memory model (CMM) applicability:
        Generic loop pattern.....................: enabled
        Generic loop pattern (with dynamic jumps): enabled
        Known trip value loop pattern............: enabled
        Runtime final value loop pattern.........: enabled
        No initial IV loop pattern...............: enabled
        IV step only loop pattern................: enabled
        No entry loop pattern....................: disabled
 -->
	<!-- Callstack mode:
    filter modules.........: true
    filter routines........: true
    count loops............: false
    count flops............: false
    trace..................: false
    extended trace.........: false
    omp trace..............: false
    jit trace..............: false
    failures trace.........: false
    dump raw...............: false
    dump final.............: false
    dump all...............: false
    stack stitching........: true
    stl profiling..........: true
    aggressive frame switch: true
    unwind frame exit......: true
    analyze child loops....: true
 -->
	<!-- Managed application profiling: -->
	<!-- 	State...................: enabled -->
	<!-- Gpu Profiling: -->
	<!-- 	State: disabled -->
	<msg id='2' display='false' source='trc'>
		<type>PROCESS_ANALYSIS_MODE</type>
		<severity>INFO</severity>
		<timestamp>Sun Feb 12 19:41:33 2023</timestamp>
		<arg name='mode'>full</arg>
	</msg>
	<!-- Update image info for [1:0x55766796C000:YN] /home/sbohloul/Projects/hpc/parallel-and-hpc/cache-miss/kernel -->
	<msg id='3' display='false' source='trc'>
		<type>LOAD_MODULE</type>
		<severity>INFO</severity>
		<timestamp>Sun Feb 12 19:41:33 2023</timestamp>
		<arg name='module'>/home/sbohloul/Projects/hpc/parallel-and-hpc/cache-miss/kernel</arg>
		<arg name='basement'>0x55766796c000</arg>
		<arg name='ceiling'>0x557667970157</arg>
		<arg name='symtab'>yes</arg>
	</msg>
	<!-- Instrumenting image: id = 1, name = /home/sbohloul/Projects/hpc/parallel-and-hpc/cache-miss/kernel -->
	<!-- Update image info for [2:0x7EFC542F3000:NN] /lib64/ld-linux-x86-64.so.2 -->
	<msg id='4' display='false' source='trc'>
		<type>LOAD_MODULE</type>
		<severity>INFO</severity>
		<timestamp>Sun Feb 12 19:41:33 2023</timestamp>
		<arg name='module'>/lib64/ld-linux-x86-64.so.2</arg>
		<arg name='basement'>0x7efc542f3000</arg>
		<arg name='ceiling'>0x7efc5432218f</arg>
		<arg name='symtab'>no</arg>
	</msg>
	<!-- Instrumentation of /lib64/ld-linux-x86-64.so.2 image skipped because of filter conditions [cs-mode]. -->
	<!-- Update image info for [3:0x7FFD5216B000:NN] [vdso] -->
	<msg id='5' display='false' source='trc'>
		<type>LOAD_MODULE</type>
		<severity>INFO</severity>
		<timestamp>Sun Feb 12 19:41:33 2023</timestamp>
		<arg name='module'>[vdso]</arg>
		<arg name='basement'>0x7ffd5216b000</arg>
		<arg name='ceiling'>0x7ffd5216c0eb</arg>
		<arg name='symtab'>no</arg>
	</msg>
	<!-- Instrumentation of [vdso] image skipped because of filter conditions [cs-mode]. -->
	<!-- Update image info for [4:0x7EFC3D4C5000:YN] /home/sbohloul/.local/likwid/5.2.2/lib/liblikwid.so.5.2 -->
	<msg id='6' display='false' source='trc'>
		<type>LOAD_MODULE</type>
		<severity>INFO</severity>
		<timestamp>Sun Feb 12 19:41:34 2023</timestamp>
		<arg name='module'>/home/sbohloul/.local/likwid/5.2.2/lib/liblikwid.so.5.2</arg>
		<arg name='basement'>0x7efc3d4c5000</arg>
		<arg name='ceiling'>0x7efc3e527067</arg>
		<arg name='symtab'>yes</arg>
	</msg>
	<!-- Instrumenting image: id = 4, name = /home/sbohloul/.local/likwid/5.2.2/lib/liblikwid.so.5.2 -->
	<!-- Update image info for [5:0x7EFC3D0FB000:NN] /lib/x86_64-linux-gnu/libstdc++.so.6 -->
	<msg id='7' display='false' source='trc'>
		<type>LOAD_MODULE</type>
		<severity>INFO</severity>
		<timestamp>Sun Feb 12 19:41:34 2023</timestamp>
		<arg name='module'>/lib/x86_64-linux-gnu/libstdc++.so.6</arg>
		<arg name='basement'>0x7efc3d0fb000</arg>
		<arg name='ceiling'>0x7efc3d2dc7ff</arg>
		<arg name='symtab'>no</arg>
	</msg>
	<!-- Instrumentation of /lib/x86_64-linux-gnu/libstdc++.so.6 image skipped because of filter conditions [cs-mode]. -->
	<!-- Update image info for [6:0x7EFC3CE85000:NN] /lib/x86_64-linux-gnu/libc.so.6 -->
	<msg id='8' display='false' source='trc'>
		<type>LOAD_MODULE</type>
		<severity>INFO</severity>
		<timestamp>Sun Feb 12 19:41:34 2023</timestamp>
		<arg name='module'>/lib/x86_64-linux-gnu/libc.so.6</arg>
		<arg name='basement'>0x7efc3ce85000</arg>
		<arg name='ceiling'>0x7efc3d07665f</arg>
		<arg name='symtab'>no</arg>
	</msg>
	<!-- Instrumentation of /lib/x86_64-linux-gnu/libc.so.6 image skipped because of filter conditions. -->
	<!-- Update image info for [7:0x7EFC3CCD1000:NN] /lib/x86_64-linux-gnu/libm.so.6 -->
	<msg id='9' display='false' source='trc'>
		<type>LOAD_MODULE</type>
		<severity>INFO</severity>
		<timestamp>Sun Feb 12 19:41:34 2023</timestamp>
		<arg name='module'>/lib/x86_64-linux-gnu/libm.so.6</arg>
		<arg name='basement'>0x7efc3ccd1000</arg>
		<arg name='ceiling'>0x7efc3ce1f10f</arg>
		<arg name='symtab'>no</arg>
	</msg>
	<!-- Instrumentation of /lib/x86_64-linux-gnu/libm.so.6 image skipped because of filter conditions [cs-mode]. -->
	<!-- Update image info for [8:0x7EFC3CC81000:YN] /home/sbohloul/.local/likwid/5.2.2/lib/liblikwid-hwloc.so.5.2 -->
	<msg id='10' display='false' source='trc'>
		<type>LOAD_MODULE</type>
		<severity>INFO</severity>
		<timestamp>Sun Feb 12 19:41:34 2023</timestamp>
		<arg name='module'>/home/sbohloul/.local/likwid/5.2.2/lib/liblikwid-hwloc.so.5.2</arg>
		<arg name='basement'>0x7efc3cc81000</arg>
		<arg name='ceiling'>0x7efc3ccd0817</arg>
		<arg name='symtab'>yes</arg>
	</msg>
	<!-- Instrumentation of /home/sbohloul/.local/likwid/5.2.2/lib/liblikwid-hwloc.so.5.2 image skipped because of filter conditions [cs-mode]. -->
	<!-- Update image info for [9:0x7EFC3CC43000:YN] /home/sbohloul/.local/likwid/5.2.2/lib/liblikwid-lua.so.5.2 -->
	<msg id='11' display='false' source='trc'>
		<type>LOAD_MODULE</type>
		<severity>INFO</severity>
		<timestamp>Sun Feb 12 19:41:34 2023</timestamp>
		<arg name='module'>/home/sbohloul/.local/likwid/5.2.2/lib/liblikwid-lua.so.5.2</arg>
		<arg name='basement'>0x7efc3cc43000</arg>
		<arg name='ceiling'>0x7efc3cc806ef</arg>
		<arg name='symtab'>yes</arg>
	</msg>
	<!-- Instrumentation of /home/sbohloul/.local/likwid/5.2.2/lib/liblikwid-lua.so.5.2 image skipped because of filter conditions [cs-mode]. -->
	<!-- Update image info for [10:0x7EFC3CC20000:YN] /lib/x86_64-linux-gnu/libpthread.so.0 -->
	<msg id='12' display='false' source='trc'>
		<type>LOAD_MODULE</type>
		<severity>INFO</severity>
		<timestamp>Sun Feb 12 19:41:34 2023</timestamp>
		<arg name='module'>/lib/x86_64-linux-gnu/libpthread.so.0</arg>
		<arg name='basement'>0x7efc3cc20000</arg>
		<arg name='ceiling'>0x7efc3cc42477</arg>
		<arg name='symtab'>yes</arg>
	</msg>
	<!-- Instrumentation of /lib/x86_64-linux-gnu/libpthread.so.0 image skipped because of filter conditions [cs-mode]. -->
	<!-- Update image info for [11:0x7EFC3CBFA000:NN] /lib/x86_64-linux-gnu/libgcc_s.so.1 -->
	<msg id='13' display='false' source='trc'>
		<type>LOAD_MODULE</type>
		<severity>INFO</severity>
		<timestamp>Sun Feb 12 19:41:34 2023</timestamp>
		<arg name='module'>/lib/x86_64-linux-gnu/libgcc_s.so.1</arg>
		<arg name='basement'>0x7efc3cbfa000</arg>
		<arg name='ceiling'>0x7efc3cc14447</arg>
		<arg name='symtab'>no</arg>
	</msg>
	<!-- Instrumentation of /lib/x86_64-linux-gnu/libgcc_s.so.1 image skipped because of filter conditions [cs-mode]. -->
	<!-- Update image info for [12:0x7EFC3CC16000:NN] /lib/x86_64-linux-gnu/libdl.so.2 -->
	<msg id='14' display='false' source='trc'>
		<type>LOAD_MODULE</type>
		<severity>INFO</severity>
		<timestamp>Sun Feb 12 19:41:34 2023</timestamp>
		<arg name='module'>/lib/x86_64-linux-gnu/libdl.so.2</arg>
		<arg name='basement'>0x7efc3cc16000</arg>
		<arg name='ceiling'>0x7efc3cc1b10f</arg>
		<arg name='symtab'>no</arg>
	</msg>
	<!-- Instrumentation of /lib/x86_64-linux-gnu/libdl.so.2 image skipped because of filter conditions [cs-mode]. -->
	<msg id='15' display='false' source='trc'>
		<type>UNLOAD_MODULE</type>
		<severity>INFO</severity>
		<timestamp>Sun Feb 12 19:43:29 2023</timestamp>
		<arg name='module'>/home/sbohloul/Projects/hpc/parallel-and-hpc/cache-miss/kernel</arg>
	</msg>
	<msg id='16' display='false' source='trc'>
		<type>UNLOAD_MODULE</type>
		<severity>INFO</severity>
		<timestamp>Sun Feb 12 19:43:29 2023</timestamp>
		<arg name='module'>/lib64/ld-linux-x86-64.so.2</arg>
	</msg>
	<msg id='17' display='false' source='trc'>
		<type>UNLOAD_MODULE</type>
		<severity>INFO</severity>
		<timestamp>Sun Feb 12 19:43:29 2023</timestamp>
		<arg name='module'>[vdso]</arg>
	</msg>
	<msg id='18' display='false' source='trc'>
		<type>UNLOAD_MODULE</type>
		<severity>INFO</severity>
		<timestamp>Sun Feb 12 19:43:29 2023</timestamp>
		<arg name='module'>/home/sbohloul/.local/likwid/5.2.2/lib/liblikwid.so.5.2</arg>
	</msg>
	<msg id='19' display='false' source='trc'>
		<type>UNLOAD_MODULE</type>
		<severity>INFO</severity>
		<timestamp>Sun Feb 12 19:43:29 2023</timestamp>
		<arg name='module'>/lib/x86_64-linux-gnu/libstdc++.so.6</arg>
	</msg>
	<msg id='20' display='false' source='trc'>
		<type>UNLOAD_MODULE</type>
		<severity>INFO</severity>
		<timestamp>Sun Feb 12 19:43:29 2023</timestamp>
		<arg name='module'>/lib/x86_64-linux-gnu/libc.so.6</arg>
	</msg>
	<msg id='21' display='false' source='trc'>
		<type>UNLOAD_MODULE</type>
		<severity>INFO</severity>
		<timestamp>Sun Feb 12 19:43:29 2023</timestamp>
		<arg name='module'>/lib/x86_64-linux-gnu/libm.so.6</arg>
	</msg>
	<msg id='22' display='false' source='trc'>
		<type>UNLOAD_MODULE</type>
		<severity>INFO</severity>
		<timestamp>Sun Feb 12 19:43:29 2023</timestamp>
		<arg name='module'>/home/sbohloul/.local/likwid/5.2.2/lib/liblikwid-hwloc.so.5.2</arg>
	</msg>
	<msg id='23' display='false' source='trc'>
		<type>UNLOAD_MODULE</type>
		<severity>INFO</severity>
		<timestamp>Sun Feb 12 19:43:29 2023</timestamp>
		<arg name='module'>/home/sbohloul/.local/likwid/5.2.2/lib/liblikwid-lua.so.5.2</arg>
	</msg>
	<msg id='24' display='false' source='trc'>
		<type>UNLOAD_MODULE</type>
		<severity>INFO</severity>
		<timestamp>Sun Feb 12 19:43:29 2023</timestamp>
		<arg name='module'>/lib/x86_64-linux-gnu/libpthread.so.0</arg>
	</msg>
	<msg id='25' display='false' source='trc'>
		<type>UNLOAD_MODULE</type>
		<severity>INFO</severity>
		<timestamp>Sun Feb 12 19:43:29 2023</timestamp>
		<arg name='module'>/lib/x86_64-linux-gnu/libgcc_s.so.1</arg>
	</msg>
	<msg id='26' display='false' source='trc'>
		<type>UNLOAD_MODULE</type>
		<severity>INFO</severity>
		<timestamp>Sun Feb 12 19:43:29 2023</timestamp>
		<arg name='module'>/lib/x86_64-linux-gnu/libdl.so.2</arg>
	</msg>
	<msg id='27' display='false' source='trc'>
		<type>PROCESS_FINISH</type>
		<severity>INFO</severity>
		<timestamp>Sun Feb 12 19:43:29 2023</timestamp>
		<arg name='process'>/home/sbohloul/Projects/hpc/parallel-and-hpc/cache-miss/kernel</arg>
		<arg name='pid'>21480</arg>
		<arg name='exitcode'>0x0</arg>
	</msg>
	<!-- Application exited with code 0 -->
</log>