2> Running without Marker API. Activate Marker API with -m on commandline.
1> imax = 2002
1> lmax = 40080040
1> niter = 1000
1> iter = 0
1> iter = 10
1> iter = 20
1> iter = 30
1> iter = 40
1> iter = 50
1> iter = 60
1> iter = 70
1> iter = 80
1> iter = 90
1> iter = 100
1> iter = 110
1> iter = 120
1> iter = 130
1> iter = 140
1> iter = 150
1> iter = 160
1> iter = 170
1> iter = 180
1> iter = 190
1> iter = 200
1> iter = 210
1> iter = 220
1> iter = 230
1> iter = 240
1> iter = 250
1> iter = 260
1> iter = 270
1> iter = 280
1> iter = 290
1> iter = 300
1> iter = 310
1> iter = 320
1> iter = 330
1> iter = 340
1> iter = 350
1> iter = 360
1> iter = 370
1> iter = 380
1> iter = 390
1> iter = 400
1> iter = 410
1> iter = 420
1> iter = 430
1> iter = 440
1> iter = 450
1> iter = 460
1> iter = 470
1> iter = 480
1> iter = 490
1> iter = 500
1> iter = 510
1> iter = 520
1> iter = 530
1> iter = 540
1> iter = 550
1> iter = 560
1> iter = 570
1> iter = 580
1> iter = 590
1> iter = 600
1> iter = 610
1> iter = 620
1> iter = 630
1> iter = 640
1> iter = 650
1> iter = 660
1> iter = 670
1> iter = 680
1> iter = 690
1> iter = 700
1> iter = 710
1> iter = 720
1> iter = 730
1> iter = 740
1> iter = 750
1> iter = 760
1> iter = 770
1> iter = 780
1> iter = 790
1> iter = 800
1> iter = 810
1> iter = 820
1> iter = 830
1> iter = 840
1> iter = 850
1> iter = 860
1> iter = 870
1> iter = 880
1> iter = 890
1> iter = 900
1> iter = 910
1> iter = 920
1> iter = 930
1> iter = 940
1> iter = 950
1> iter = 960
1> iter = 970
1> iter = 980
1> iter = 990
1> elapsed = 0.0244452
